<?xml version="1.0" encoding="UTF-8"?>
<!-- Generated by org.testng.reporters.JUnitReportReporter -->
<testsuite hostname="DESKTOP-PKRGAQS" failures="0" tests="1" name="Runner.Test_Runner" time="34.263" errors="0" timestamp="2023-01-16T11:56:27 IST" skipped="0">
  <testcase classname="Runner.Test_Runner" name="runScenario" time="34.263"/>
  <system-out/>
</testsuite> <!-- Runner.Test_Runner -->
