<?xml version="1.0" encoding="UTF-8"?>
<!-- Generated by org.testng.reporters.JUnitReportReporter -->
<testsuite hostname="DESKTOP-PKRGAQS" failures="0" tests="3" name="Package2.group" time="0.022" errors="0" timestamp="2023-01-15T12:19:45 IST" skipped="0">
  <testcase classname="Package2.group" name="testcase1" time="0.017"/>
  <system-out/>
  <testcase classname="Package2.group" name="testcase2" time="0.003"/>
  <system-out/>
  <testcase classname="Package2.group" name="testcase3" time="0.002"/>
  <system-out/>
</testsuite> <!-- Package2.group -->
