<?xml version="1.0" encoding="UTF-8"?>
<!-- Generated by org.testng.reporters.JUnitReportReporter -->
<testsuite hostname="DESKTOP-PKRGAQS" failures="0" tests="1" name="Package2.Extent_Report" time="24.552" errors="0" timestamp="2023-01-31T19:57:17 IST" skipped="0">
  <testcase classname="Package2.Extent_Report" name="ohrm" time="24.552"/>
  <system-out/>
</testsuite> <!-- Package2.Extent_Report -->
