<?xml version="1.0" encoding="UTF-8"?>
<!-- Generated by org.testng.reporters.JUnitReportReporter -->
<testsuite hostname="DESKTOP-PKRGAQS" failures="0" tests="1" name="Package2.OHRM" time="11.834" errors="0" timestamp="2023-01-31T11:11:34 IST" skipped="0">
  <testcase classname="Package2.OHRM" name="OHRM" time="11.834"/>
  <system-out/>
</testsuite> <!-- Package2.OHRM -->
