<?xml version="1.0" encoding="UTF-8"?>
<!-- Generated by org.testng.reporters.JUnitReportReporter -->
<testsuite hostname="DESKTOP-PKRGAQS" failures="0" tests="1" name="Package1.NewTest1" time="0.243" errors="0" timestamp="2023-01-27T13:03:59 IST" skipped="0">
  <testcase classname="Package1.NewTest1" name="f" time="0.243"/>
  <system-out/>
</testsuite> <!-- Package1.NewTest1 -->
