<?xml version="1.0" encoding="UTF-8"?>
<!-- Generated by org.testng.reporters.JUnitReportReporter -->
<testsuite hostname="DESKTOP-PKRGAQS" failures="0" tests="1" name="Package1.DD" time="42.083" errors="0" timestamp="2023-02-07T09:46:56 IST" skipped="0">
  <testcase classname="Package1.DD" name="datadriven" time="42.083"/>
  <system-out/>
</testsuite> <!-- Package1.DD -->
