<?xml version="1.0" encoding="UTF-8"?>
<!-- Generated by org.testng.reporters.JUnitReportReporter -->
<testsuite hostname="DESKTOP-PKRGAQS" failures="0" tests="1" name="Package1.blogin" time="41.806" errors="0" timestamp="2023-01-03T19:37:53 IST" skipped="0">
  <testcase classname="Package1.blogin" name="books" time="41.806"/>
  <system-out/>
</testsuite> <!-- Package1.blogin -->
