<?xml version="1.0" encoding="UTF-8"?>
<!-- Generated by org.testng.reporters.JUnitReportReporter -->
<testsuite hostname="DESKTOP-PKRGAQS" failures="0" tests="1" name="Package1.SMenu" time="16.601" errors="0" timestamp="2022-12-31T18:35:07 IST" skipped="0">
  <testcase classname="Package1.SMenu" name="sm" time="16.601"/>
  <system-out/>
</testsuite> <!-- Package1.SMenu -->
