<?xml version="1.0" encoding="UTF-8"?>
<!-- Generated by org.testng.reporters.JUnitReportReporter -->
<testsuite hostname="DESKTOP-PKRGAQS" failures="0" tests="1" name="Package1.Menu" time="1.596" errors="0" timestamp="2022-12-26T19:04:43 IST" skipped="0">
  <testcase classname="Package1.Menu" name="mn" time="1.596"/>
  <system-out/>
</testsuite> <!-- Package1.Menu -->
