<?xml version="1.0" encoding="UTF-8"?>
<!-- Generated by org.testng.reporters.JUnitReportReporter -->
<testsuite hostname="DESKTOP-PKRGAQS" failures="0" tests="1" name="Package1.Autocomplete" time="29.440" errors="0" timestamp="2022-12-31T19:05:46 IST" skipped="0">
  <testcase classname="Package1.Autocomplete" name="ac" time="29.440"/>
  <system-out/>
</testsuite> <!-- Package1.Autocomplete -->
