<?xml version="1.0" encoding="UTF-8"?>
<!-- Generated by org.testng.reporters.JUnitReportReporter -->
<testsuite hostname="DESKTOP-PKRGAQS" failures="0" tests="1" name="Package1.DT" time="12.443" errors="0" timestamp="2023-01-01T17:05:25 IST" skipped="0">
  <testcase classname="Package1.DT" name="DateT" time="12.443"/>
  <system-out/>
</testsuite> <!-- Package1.DT -->
