<?xml version="1.0" encoding="UTF-8"?>
<!-- Generated by org.testng.reporters.JUnitReportReporter -->
<testsuite hostname="DESKTOP-PKRGAQS" failures="0" tests="1" name="Package1.sortable" time="9.735" errors="0" timestamp="2022-12-31T19:27:45 IST" skipped="0">
  <testcase classname="Package1.sortable" name="so" time="9.735"/>
  <system-out/>
</testsuite> <!-- Package1.sortable -->
