<?xml version="1.0" encoding="UTF-8"?>
<!-- Generated by org.testng.reporters.JUnitReportReporter -->
<testsuite hostname="DESKTOP-PKRGAQS" failures="0" tests="1" name="Package1.resizable" time="10.905" errors="0" timestamp="2023-01-04T19:56:01 IST" skipped="0">
  <testcase classname="Package1.resizable" name="rs" time="10.905"/>
  <system-out/>
</testsuite> <!-- Package1.resizable -->
