<?xml version="1.0" encoding="UTF-8"?>
<!-- Generated by org.testng.reporters.JUnitReportReporter -->
<testsuite hostname="DESKTOP-PKRGAQS" failures="0" tests="1" name="Package1.progress" time="5.442" errors="0" timestamp="2022-12-26T19:14:47 IST" skipped="0">
  <testcase classname="Package1.progress" name="pgs" time="5.442"/>
  <system-out/>
</testsuite> <!-- Package1.progress -->
