<?xml version="1.0" encoding="UTF-8"?>
<!-- Generated by org.testng.reporters.JUnitReportReporter -->
<testsuite hostname="DESKTOP-PKRGAQS" failures="0" tests="1" name="Package2.Main" time="67.864" errors="0" timestamp="2023-01-04T11:30:27 IST" skipped="0">
  <testcase classname="Package2.Main" name="practice" time="67.864"/>
  <system-out/>
</testsuite> <!-- Package2.Main -->
