<?xml version="1.0" encoding="UTF-8"?>
<!-- Generated by org.testng.reporters.JUnitReportReporter -->
<testsuite hostname="DESKTOP-PKRGAQS" failures="0" tests="1" name="Package1.droppable" time="39.242" errors="0" timestamp="2022-12-30T15:01:30 IST" skipped="0">
  <testcase classname="Package1.droppable" name="drag" time="39.242"/>
  <system-out/>
</testsuite> <!-- Package1.droppable -->
