<?xml version="1.0" encoding="UTF-8"?>
<!-- Generated by org.testng.reporters.JUnitReportReporter -->
<testsuite hostname="DESKTOP-PKRGAQS" failures="0" tests="1" name="Package1.accordian" time="10.932" errors="0" timestamp="2022-12-26T19:11:57 IST" skipped="0">
  <testcase classname="Package1.accordian" name="acc" time="10.932"/>
  <system-out/>
</testsuite> <!-- Package1.accordian -->
