<?xml version="1.0" encoding="UTF-8"?>
<!-- Generated by org.testng.reporters.JUnitReportReporter -->
<testsuite hostname="DESKTOP-PKRGAQS" failures="0" tests="1" name="Package1.Dragabble" time="31.923" errors="0" timestamp="2022-12-31T11:28:11 IST" skipped="0">
  <testcase classname="Package1.Dragabble" name="drag" time="31.923"/>
  <system-out/>
</testsuite> <!-- Package1.Dragabble -->
