<?xml version="1.0" encoding="UTF-8"?>
<!-- Generated by org.testng.reporters.JUnitReportReporter -->
<testsuite hostname="DESKTOP-PKRGAQS" failures="0" tests="1" name="Package1.Hover" time="9.674" errors="0" timestamp="2022-12-31T19:12:35 IST" skipped="0">
  <testcase classname="Package1.Hover" name="ho" time="9.674"/>
  <system-out/>
</testsuite> <!-- Package1.Hover -->
